<?xml version="1.0" encoding="UTF-8"?>
<!-- Generated by org.testng.reporters.JUnitXMLReporter -->
<testsuite ignored="0" hostname="anurags-MacBook-Air.local" failures="1" tests="1" name="Default test" time="37.854" errors="0" timestamp="2023-12-21T21:32:56 IST">
  <testcase classname="io.cucumber.testng.AbstractTestNGCucumberTests" name="runScenario" time="26.857">
    <failure type="java.lang.AssertionError" message="expected [false] but found [true]">
      <![CDATA[java.lang.AssertionError: expected [false] but found [true]
at org.testng.Assert.fail(Assert.java:110)
at org.testng.Assert.failNotEquals(Assert.java:1577)
at org.testng.Assert.assertFalse(Assert.java:78)
at org.testng.Assert.assertFalse(Assert.java:88)
at stepDefinition.FaceboolStepDef.it_should_show_the_error_message(FaceboolStepDef.java:73)
at ✽.it should show the error message(file:///Users/anuragchaturvedi/git/ExtentReportConfig/src/test/resources/Features/facebook.feature:8)
]]>
    </failure>
  </testcase> <!-- runScenario -->
</testsuite> <!-- Default test -->
