<?xml version="1.0" encoding="UTF-8"?>
<testng-results ignored="0" total="1" passed="1" failed="0" skipped="0">
  <reporter-output>
  </reporter-output>
  <suite started-at="2023-09-11T16:34:45 IST" name="Default suite" finished-at="2023-09-11T16:35:09 IST" duration-ms="23674">
    <groups>
      <group name="cucumber">
        <method signature="AbstractTestNGCucumberTests.runScenario(io.cucumber.testng.PickleWrapper,io.cucumber.testng.FeatureWrapper)[pri:0, instance:com.anurag.runners.AppRunner@5745ca0e]" name="runScenario" class="io.cucumber.testng.AbstractTestNGCucumberTests"/>
      </group> <!-- cucumber -->
    </groups>
    <test started-at="2023-09-11T16:34:45 IST" name="Default test" finished-at="2023-09-11T16:35:09 IST" duration-ms="23674">
      <class name="com.anurag.runners.AppRunner">
        <test-method is-config="true" signature="setUpClass()[pri:0, instance:com.anurag.runners.AppRunner@5745ca0e]" started-at="2023-09-11T16:34:45 IST" name="setUpClass" finished-at="2023-09-11T16:34:46 IST" duration-ms="758" status="PASS">
          <reporter-output>
          </reporter-output>
        </test-method> <!-- setUpClass -->
        <test-method signature="runScenario(io.cucumber.testng.PickleWrapper,io.cucumber.testng.FeatureWrapper)[pri:0, instance:com.anurag.runners.AppRunner@5745ca0e]" started-at="2023-09-11T16:34:46 IST" name="runScenario" description="Runs Cucumber Scenarios" data-provider="scenarios" finished-at="2023-09-11T16:35:03 IST" duration-ms="16746" status="PASS">
          <params>
            <param index="0">
              <value>
                <![CDATA["log in facebbok"]]>
              </value>
            </param>
            <param index="1">
              <value>
                <![CDATA["Optional[facebook login]"]]>
              </value>
            </param>
          </params>
          <reporter-output>
          </reporter-output>
        </test-method> <!-- runScenario -->
        <test-method is-config="true" signature="tearDownClass()[pri:0, instance:com.anurag.runners.AppRunner@5745ca0e]" started-at="2023-09-11T16:35:03 IST" name="tearDownClass" finished-at="2023-09-11T16:35:09 IST" duration-ms="6104" status="PASS">
          <reporter-output>
          </reporter-output>
        </test-method> <!-- tearDownClass -->
        <test-method is-config="true" signature="generateReport()[pri:0, instance:com.anurag.runners.AppRunner@5745ca0e]" started-at="2023-09-11T16:35:09 IST" name="generateReport" finished-at="2023-09-11T16:35:10 IST" duration-ms="924" status="PASS">
          <reporter-output>
          </reporter-output>
        </test-method> <!-- generateReport -->
      </class> <!-- com.anurag.runners.AppRunner -->
    </test> <!-- Default test -->
  </suite> <!-- Default suite -->
</testng-results>
