<?xml version="1.0" encoding="UTF-8"?>
<!-- Generated by org.testng.reporters.JUnitReportReporter -->
<testsuite hostname="anurags-MacBook-Air.local" failures="1" tests="1" name="com.anurag.runners.AppRunner" time="20.479" errors="0" timestamp="2023-12-21T20:47:09 IST" skipped="0">
  <testcase classname="com.anurag.runners.AppRunner" name="runScenario" time="20.479">
    <failure message="expected [false] but found [true]" type="java.lang.AssertionError">
      <![CDATA[java.lang.AssertionError: expected [false] but found [true]
at org.testng.Assert.fail(Assert.java:110)
at org.testng.Assert.failNotEquals(Assert.java:1577)
at org.testng.Assert.assertFalse(Assert.java:78)
at org.testng.Assert.assertFalse(Assert.java:88)
at stepDefinition.FaceboolStepDef.it_should_show_the_error_message(FaceboolStepDef.java:73)
at ✽.it should show the error message(file:///Users/anuragchaturvedi/git/ExtentReportConfig/src/test/resources/Features/facebook.feature:8)
]]>
    </failure>
  </testcase> <!-- runScenario -->
  <system-out/>
</testsuite> <!-- com.anurag.runners.AppRunner -->
